Performing C SOURCE FILE Test CMAKE_HAVE_LIBC_PTHREAD failed with the following output:
Change Dir: /home/csmajs/llocs001/cs100/labs/lab3/lab-03-composite-codingcats/CMakeFiles/CMakeTmp

Run Build Command(s):/opt/rh/devtoolset-6/root/usr/bin/gmake cmTC_23e6b/fast && /opt/rh/devtoolset-6/root/usr/bin/gmake  -f CMakeFiles/cmTC_23e6b.dir/build.make CMakeFiles/cmTC_23e6b.dir/build
gmake[1]: Entering directory '/home/csmajs/llocs001/cs100/labs/lab3/lab-03-composite-codingcats/CMakeFiles/CMakeTmp'
Building C object CMakeFiles/cmTC_23e6b.dir/src.c.o
/opt/rh/devtoolset-6/root/usr/bin/cc   -DCMAKE_HAVE_LIBC_PTHREAD   -o CMakeFiles/cmTC_23e6b.dir/src.c.o   -c /home/csmajs/llocs001/cs100/labs/lab3/lab-03-composite-codingcats/CMakeFiles/CMakeTmp/src.c
Linking C executable cmTC_23e6b
/usr/bin/cmake3 -E cmake_link_script CMakeFiles/cmTC_23e6b.dir/link.txt --verbose=1
/opt/rh/devtoolset-6/root/usr/bin/cc  -DCMAKE_HAVE_LIBC_PTHREAD    -rdynamic CMakeFiles/cmTC_23e6b.dir/src.c.o  -o cmTC_23e6b 
CMakeFiles/cmTC_23e6b.dir/src.c.o: In function `main':
src.c:(.text+0x2d): undefined reference to `pthread_create'
src.c:(.text+0x39): undefined reference to `pthread_detach'
src.c:(.text+0x45): undefined reference to `pthread_cancel'
src.c:(.text+0x56): undefined reference to `pthread_join'
src.c:(.text+0x6a): undefined reference to `pthread_atfork'
collect2: error: ld returned 1 exit status
CMakeFiles/cmTC_23e6b.dir/build.make:106: recipe for target 'cmTC_23e6b' failed
gmake[1]: *** [cmTC_23e6b] Error 1
gmake[1]: Leaving directory '/home/csmajs/llocs001/cs100/labs/lab3/lab-03-composite-codingcats/CMakeFiles/CMakeTmp'
Makefile:141: recipe for target 'cmTC_23e6b/fast' failed
gmake: *** [cmTC_23e6b/fast] Error 2


Source file was:
#include <pthread.h>

void* test_func(void* data)
{
  return data;
}

int main(void)
{
  pthread_t thread;
  pthread_create(&thread, NULL, test_func, NULL);
  pthread_detach(thread);
  pthread_cancel(thread);
  pthread_join(thread, NULL);
  pthread_atfork(NULL, NULL, NULL);
  pthread_exit(NULL);

  return 0;
}

Determining if the function pthread_create exists in the pthreads failed with the following output:
Change Dir: /home/csmajs/llocs001/cs100/labs/lab3/lab-03-composite-codingcats/CMakeFiles/CMakeTmp

Run Build Command(s):/opt/rh/devtoolset-6/root/usr/bin/gmake cmTC_00b9c/fast && /opt/rh/devtoolset-6/root/usr/bin/gmake  -f CMakeFiles/cmTC_00b9c.dir/build.make CMakeFiles/cmTC_00b9c.dir/build
gmake[1]: Entering directory '/home/csmajs/llocs001/cs100/labs/lab3/lab-03-composite-codingcats/CMakeFiles/CMakeTmp'
Building C object CMakeFiles/cmTC_00b9c.dir/CheckFunctionExists.c.o
/opt/rh/devtoolset-6/root/usr/bin/cc   -DCHECK_FUNCTION_EXISTS=pthread_create   -o CMakeFiles/cmTC_00b9c.dir/CheckFunctionExists.c.o   -c /usr/share/cmake3/Modules/CheckFunctionExists.c
Linking C executable cmTC_00b9c
/usr/bin/cmake3 -E cmake_link_script CMakeFiles/cmTC_00b9c.dir/link.txt --verbose=1
/opt/rh/devtoolset-6/root/usr/bin/cc  -DCHECK_FUNCTION_EXISTS=pthread_create    -rdynamic CMakeFiles/cmTC_00b9c.dir/CheckFunctionExists.c.o  -o cmTC_00b9c  -lpthreads 
/opt/rh/devtoolset-6/root/usr/libexec/gcc/x86_64-redhat-linux/6.3.1/ld: cannot find -lpthreads
collect2: error: ld returned 1 exit status
CMakeFiles/cmTC_00b9c.dir/build.make:106: recipe for target 'cmTC_00b9c' failed
gmake[1]: *** [cmTC_00b9c] Error 1
gmake[1]: Leaving directory '/home/csmajs/llocs001/cs100/labs/lab3/lab-03-composite-codingcats/CMakeFiles/CMakeTmp'
Makefile:141: recipe for target 'cmTC_00b9c/fast' failed
gmake: *** [cmTC_00b9c/fast] Error 2



